e:\repo\kdmapper-master\intermediate\kdmapper\service.obj
e:\repo\kdmapper-master\intermediate\kdmapper\portable_executable.obj
e:\repo\kdmapper-master\intermediate\kdmapper\main.obj
e:\repo\kdmapper-master\intermediate\kdmapper\intel_driver.obj
e:\repo\kdmapper-master\intermediate\kdmapper\kdmapper.obj
e:\repo\kdmapper-master\intermediate\kdmapper\kdsymbolshandler.obj
e:\repo\kdmapper-master\intermediate\kdmapper\utils.obj
e:\repo\kdmapper-master\intermediate\kdmapper\vc143.pdb
e:\repo\kdmapper-master\x64\release\kdmapper_release.exe
e:\repo\kdmapper-master\x64\release\kdmapper_release.pdb
e:\repo\kdmapper-master\intermediate\kdmapper\kdmapper_release.ipdb
e:\repo\kdmapper-master\intermediate\kdmapper\kdmapper_release.iobj
e:\repo\kdmapper-master\intermediate\kdmapper\kdmapper.vcxproj.filelistabsolute.txt
e:\repo\kdmapper-master\intermediate\kdmapper\kdmapper.tlog\cl.124956.write.1.tlog
e:\repo\kdmapper-master\intermediate\kdmapper\kdmapper.tlog\cl.command.1.tlog
e:\repo\kdmapper-master\intermediate\kdmapper\kdmapper.tlog\cl.items.tlog
e:\repo\kdmapper-master\intermediate\kdmapper\kdmapper.tlog\cl.read.1.tlog
e:\repo\kdmapper-master\intermediate\kdmapper\kdmapper.tlog\link.command.1.tlog
e:\repo\kdmapper-master\intermediate\kdmapper\kdmapper.tlog\link.read.1.tlog
e:\repo\kdmapper-master\intermediate\kdmapper\kdmapper.tlog\link.secondary.1.tlog
e:\repo\kdmapper-master\intermediate\kdmapper\kdmapper.tlog\link.write.1.tlog
